androdns.android.leetdreams.ch.androdns
app.attestation.auditor
cat.xojan.random1
com.ae.apps.messagecounter
com.aptasystems.dicewarepasswordgenerator
com.asmat.rolando.popularmovies
com.atrainingtracker
com.blackbooks
com.csl.cs108ademoapp
com.eletac.tronwallet
com.fjoglar.etsitnoticias
com.github.xfalcon.vhosts
com.greenaddress.abcore
com.hapramp
com.mde.potdroid
com.mgaetan89.showsrage
com.notecryptpro
com.photon
com.phpsysinfo
com.powerpoint45.dtube
com.samourai.txtenna
com.sapuseven.untis
com.scottyab.safetynet.sample
com.simplemobiletools.calculator
com.simplemobiletools.clock
com.simplemobiletools.draw
com.simplemobiletools.draw.pro
com.simplemobiletools.flashlight
com.sirionrazzer.diary
com.staceybellerose.randomwordgenerator
com.tachibana.downloader
com.tananaev.logcat
com.thirtydegreesray.openhub
com.tobykurien.webapps
com.ultramegasoft.flavordex2
com.utyf.pmetro
com.wwk.livetranslator
com.yubico.yubioath
cz.mendelu.xmarik.train_manager
de.badaix.snapcast
de.codebucket.mkkm
de.vier_bier.habpanelviewer
eu.basicairdata.graziano.gpslogger
hu.kfg.naplo
info.guardianproject.phoneypot
info.zamojski.soft.towercollector
io.github.tjg1.nori
io.mkg20001.arubanetworkslogin
io.mrarm.irc
it.netknights.piauthenticator
kiwi.root.an2linuxclient
me.vickychijwani.spectre
moe.haruue.wadb
net.nullsum.audinaut
net.orgizm.imgshr
net.osmtracker
nz.org.cacophony.birdmonitor
org.havenapp.main
org.intermine.app
org.mattvchandler.progressbars
org.ocs.android.agent
org.ocsinventoryng.android.agent
org.secuso.privacyfriendlypasswordgenerator
org.shadowice.flocke.andotp
org.sorz.lab.tinykeepass
org.y20k.escapepods
uk.co.ianfield.devstat
wseemann.media.romote
